TN:
SF:accounts/static/accounts/js/last_seen.js
FN:3,setLastSeenNode
FNF:1
FNH:1
FNDA:8,setLastSeenNode
DA:1,4
DA:4,8
DA:5,8
DA:6,8
DA:7,8
DA:8,8
DA:11,8
DA:12,1
DA:13,7
DA:14,1
DA:15,1
DA:16,6
DA:17,1
DA:19,5
DA:20,5
DA:23,8
DA:26,4
LF:17
LH:17
BRDA:11,0,0,1
BRDA:11,0,1,7
BRDA:13,1,0,1
BRDA:13,1,1,6
BRDA:16,2,0,1
BRDA:16,2,1,5
BRF:6
BRH:6
end_of_record
TN:
SF:common/static/common/js/base.js
FN:3,(anonymous_0)
FN:9,reloadWrapper
FN:13,(anonymous_2)
FN:37,broadcastAboutLogout
FN:42,storageMessageHandler
FNF:5
FNH:4
FNDA:0,(anonymous_0)
FNDA:1,reloadWrapper
FNDA:1,(anonymous_2)
FNDA:1,broadcastAboutLogout
FNDA:2,storageMessageHandler
DA:1,9
DA:3,9
DA:4,9
DA:5,1
DA:10,1
DA:13,9
DA:14,1
DA:16,1
DA:19,1
DA:20,1
DA:21,1
DA:22,1
DA:24,1
DA:32,9
DA:34,9
DA:35,9
DA:38,1
DA:39,1
DA:43,2
DA:44,2
DA:45,1
DA:47,1
LF:22
LH:22
BRDA:4,0,0,1
BRDA:4,0,1,8
BRDA:44,1,0,1
BRDA:44,1,1,1
BRF:4
BRH:4
end_of_record
TN:
SF:messages/static/messages/js/dialog.js
FN:16,formOnSubmitHandler
FN:30,focusHandler
FN:39,connect
FN:46,socketOnMessageHandler
FN:95,(anonymous_4)
FN:114,pad
FN:131,(anonymous_6)
FN:140,(anonymous_7)
FN:144,(anonymous_8)
FNF:9
FNH:9
FNDA:1,formOnSubmitHandler
FNDA:2,focusHandler
FNDA:18,connect
FNDA:9,socketOnMessageHandler
FNDA:12,(anonymous_4)
FNDA:22,pad
FNDA:2,(anonymous_6)
FNDA:4,(anonymous_7)
FNDA:6,(anonymous_8)
DA:4,18
DA:7,18
DA:8,18
DA:9,18
DA:10,18
DA:12,18
DA:13,18
DA:17,1
DA:18,1
DA:20,1
DA:21,1
DA:27,1
DA:31,2
DA:32,1
DA:36,18
DA:40,18
DA:41,18
DA:44,18
DA:47,9
DA:48,9
DA:50,9
DA:51,1
DA:52,1
DA:55,8
DA:56,8
DA:57,8
DA:58,2
DA:59,2
DA:60,2
DA:62,2
DA:63,2
DA:64,1
DA:65,1
DA:66,1
DA:69,6
DA:70,3
DA:71,3
DA:72,3
DA:73,3
DA:74,5
DA:75,1
DA:77,5
DA:79,3
DA:81,3
DA:82,1
DA:84,3
DA:85,1
DA:86,2
DA:87,1
DA:89,1
DA:95,18
DA:96,12
DA:97,12
DA:98,12
DA:99,12
DA:100,12
DA:103,12
DA:104,8
DA:106,4
DA:109,12
DA:110,12
DA:111,12
DA:112,12
DA:115,22
DA:117,12
DA:118,1
DA:120,11
DA:122,12
DA:124,12
DA:125,12
DA:126,12
DA:128,12
DA:131,18
DA:132,2
DA:133,2
DA:134,2
DA:140,18
DA:141,4
DA:142,4
DA:143,4
DA:144,6
DA:150,4
DA:151,3
DA:152,3
LF:84
LH:84
BRDA:12,0,0,18
BRDA:12,0,1,0
BRDA:31,1,0,1
BRDA:31,1,1,1
BRDA:50,2,0,1
BRDA:50,2,1,8
BRDA:57,3,0,2
BRDA:57,3,1,6
BRDA:62,4,0,2
BRDA:62,4,1,0
BRDA:63,5,0,1
BRDA:63,5,1,1
BRDA:63,6,0,2
BRDA:63,6,1,1
BRDA:65,7,0,1
BRDA:65,7,1,0
BRDA:65,8,0,1
BRDA:65,8,1,1
BRDA:69,9,0,3
BRDA:69,9,1,3
BRDA:74,10,0,1
BRDA:74,10,1,4
BRDA:81,11,0,1
BRDA:81,11,1,2
BRDA:81,12,0,3
BRDA:81,12,1,3
BRDA:84,13,0,1
BRDA:84,13,1,2
BRDA:86,14,0,1
BRDA:86,14,1,1
BRDA:103,15,0,8
BRDA:103,15,1,4
BRDA:117,16,0,1
BRDA:117,16,1,11
BRDA:150,17,0,3
BRDA:150,17,1,1
BRF:36
BRH:33
end_of_record
TN:
SF:messages/static/messages/js/dialogs.js
FN:13,connect
FN:20,socketOnMessageHandler
FN:71,(anonymous_2)
FN:81,(anonymous_3)
FN:114,(anonymous_4)
FN:118,(anonymous_5)
FN:137,(anonymous_6)
FNF:7
FNH:7
FNDA:15,connect
FNDA:10,socketOnMessageHandler
FNDA:1,(anonymous_2)
FNDA:17,(anonymous_3)
FNDA:7,(anonymous_4)
FNDA:10,(anonymous_5)
FNDA:8,(anonymous_6)
DA:4,15
DA:7,15
DA:8,15
DA:9,15
DA:10,15
DA:14,15
DA:15,15
DA:18,15
DA:21,10
DA:22,10
DA:24,10
DA:25,1
DA:26,1
DA:29,9
DA:30,9
DA:31,9
DA:32,2
DA:33,2
DA:35,2
DA:36,1
DA:38,2
DA:39,2
DA:40,2
DA:41,7
DA:42,2
DA:43,2
DA:44,2
DA:45,2
DA:46,2
DA:47,5
DA:48,1
DA:49,1
DA:50,1
DA:51,1
DA:53,1
DA:54,1
DA:55,4
DA:56,1
DA:57,1
DA:58,1
DA:59,1
DA:60,3
DA:61,1
DA:62,2
DA:63,1
DA:65,1
DA:71,15
DA:72,1
DA:73,1
DA:74,1
DA:81,15
DA:82,17
DA:84,17
DA:85,17
DA:86,17
DA:87,17
DA:88,17
DA:90,17
DA:91,17
DA:92,17
DA:94,17
DA:95,10
DA:97,17
DA:100,17
DA:102,17
DA:103,17
DA:104,17
DA:105,17
DA:106,17
DA:108,17
DA:110,17
DA:114,15
DA:115,7
DA:116,7
DA:117,7
DA:119,10
DA:125,7
DA:126,7
DA:128,7
DA:129,6
DA:130,6
DA:137,15
DA:138,8
DA:139,8
DA:140,8
DA:141,8
DA:142,3
DA:143,3
DA:147,5
DA:148,5
LF:90
LH:90
BRDA:24,0,0,1
BRDA:24,0,1,9
BRDA:31,1,0,2
BRDA:31,1,1,7
BRDA:35,2,0,1
BRDA:35,2,1,1
BRDA:41,3,0,2
BRDA:41,3,1,5
BRDA:47,4,0,1
BRDA:47,4,1,4
BRDA:55,5,0,1
BRDA:55,5,1,3
BRDA:60,6,0,1
BRDA:60,6,1,2
BRDA:62,7,0,1
BRDA:62,7,1,1
BRDA:94,8,0,10
BRDA:94,8,1,7
BRDA:128,9,0,6
BRDA:128,9,1,1
BRDA:141,10,0,3
BRDA:141,10,1,5
BRF:22
BRH:22
end_of_record
TN:
SF:messages/static/messages/js/utils.js
FN:2,(anonymous_0)
FN:5,(anonymous_1)
FN:9,(anonymous_2)
FN:15,(anonymous_3)
FN:21,getWsUrl
FNF:5
FNH:4
FNDA:34,(anonymous_0)
FNDA:0,(anonymous_1)
FNDA:34,(anonymous_2)
FNDA:33,(anonymous_3)
FNDA:36,getWsUrl
DA:3,34
DA:5,34
DA:6,0
DA:9,34
DA:10,34
DA:11,34
DA:12,34
DA:15,34
DA:16,33
DA:22,36
DA:23,36
DA:24,36
DA:25,0
DA:28,36
LF:14
LH:12
BRDA:24,0,0,0
BRDA:24,0,1,36
BRF:2
BRH:1
end_of_record
